2024-07-29 12:12:13,490 - INFO - Entering method 'Services.classification_service.classify_resume  with parameters {}'
2024-07-29 12:12:13,491 - INFO - Entering method 'Utils.data_processor_utils.preprocess_data  with parameters {}'
2024-07-29 12:12:13,492 - INFO - Entering method 'Utils.data_processor_utils.clean_json_string  with parameters {}'
2024-07-29 12:12:13,493 - INFO - Exiting method 'Utils.data_processor_utils.clean_json_string with parameters {}'
2024-07-29 12:12:13,493 - INFO - Entering method 'Utils.data_processor_utils.safe_literal_eval  with parameters {}'
2024-07-29 12:12:13,494 - INFO - Exiting method 'Utils.data_processor_utils.safe_literal_eval with parameters {}'
2024-07-29 12:12:13,501 - INFO - Exiting method 'Utils.data_processor_utils.preprocess_data with parameters {}'
2024-07-29 12:12:13,501 - INFO - Entering method 'Utils.data_processor_utils.process_data  with parameters {}'
2024-07-29 12:12:13,502 - INFO - Exiting method 'Utils.data_processor_utils.process_data with parameters {}'
2024-07-29 12:12:13,502 - INFO - Entering method 'Utils.job_titles_processor_utils.process_job_titles_0  with parameters {}'
2024-07-29 12:12:13,504 - INFO - Entering method 'Utils.job_titles_processor_utils.parse_duration_to_months  with parameters {}'
2024-07-29 12:12:13,507 - INFO - Exiting method 'Utils.job_titles_processor_utils.parse_duration_to_months with parameters {}'
2024-07-29 12:12:13,508 - INFO - Entering method 'Utils.job_titles_processor_utils.parse_duration_to_months  with parameters {}'
2024-07-29 12:12:13,509 - INFO - Exiting method 'Utils.job_titles_processor_utils.parse_duration_to_months with parameters {}'
2024-07-29 12:12:13,510 - INFO - Exiting method 'Utils.job_titles_processor_utils.process_job_titles_0 with parameters {}'
2024-07-29 12:12:14,001 - INFO - Entering method 'Utils.job_titles_processor_utils.process_job_titles_1  with parameters {}'
2024-07-29 12:12:14,002 - INFO - Exiting method 'Utils.job_titles_processor_utils.process_job_titles_1 with parameters {}'
2024-07-29 12:12:14,002 - INFO - Entering method 'Utils.job_titles_processor_utils.process_job_titles_2  with parameters {}'
2024-07-29 12:12:14,002 - INFO - Exiting method 'Utils.job_titles_processor_utils.process_job_titles_2 with parameters {}'
2024-07-29 12:12:14,019 - INFO - Entering method 'Services.filter_service.AIfilter  with parameters {}'
2024-07-29 12:15:18,481 - INFO - Entering method 'Services.classification_service.classify_resume  with parameters {}'
2024-07-29 12:15:18,482 - INFO - Entering method 'Utils.data_processor_utils.preprocess_data  with parameters {}'
2024-07-29 12:15:18,483 - INFO - Entering method 'Utils.data_processor_utils.clean_json_string  with parameters {}'
2024-07-29 12:15:18,484 - INFO - Exiting method 'Utils.data_processor_utils.clean_json_string with parameters {}'
2024-07-29 12:15:18,484 - INFO - Entering method 'Utils.data_processor_utils.safe_literal_eval  with parameters {}'
2024-07-29 12:15:18,484 - INFO - Exiting method 'Utils.data_processor_utils.safe_literal_eval with parameters {}'
2024-07-29 12:15:18,486 - INFO - Exiting method 'Utils.data_processor_utils.preprocess_data with parameters {}'
2024-07-29 12:15:18,486 - INFO - Entering method 'Utils.data_processor_utils.process_data  with parameters {}'
2024-07-29 12:15:18,486 - INFO - Exiting method 'Utils.data_processor_utils.process_data with parameters {}'
2024-07-29 12:15:18,486 - INFO - Entering method 'Utils.job_titles_processor_utils.process_job_titles_0  with parameters {}'
2024-07-29 12:15:18,489 - INFO - Entering method 'Utils.job_titles_processor_utils.parse_duration_to_months  with parameters {}'
2024-07-29 12:15:18,491 - INFO - Exiting method 'Utils.job_titles_processor_utils.parse_duration_to_months with parameters {}'
2024-07-29 12:15:18,493 - INFO - Exiting method 'Utils.job_titles_processor_utils.process_job_titles_0 with parameters {}'
2024-07-29 12:15:19,048 - INFO - Entering method 'Utils.job_titles_processor_utils.process_job_titles_1  with parameters {}'
2024-07-29 12:15:19,048 - INFO - Exiting method 'Utils.job_titles_processor_utils.process_job_titles_1 with parameters {}'
2024-07-29 12:15:19,049 - INFO - Entering method 'Utils.job_titles_processor_utils.process_job_titles_2  with parameters {}'
2024-07-29 12:15:19,049 - INFO - Exiting method 'Utils.job_titles_processor_utils.process_job_titles_2 with parameters {}'
2024-07-29 12:15:19,076 - INFO - Entering method 'Services.filter_service.AIfilter  with parameters {}'
2024-07-29 12:15:19,077 - INFO - Exiting method 'Services.filter_service.AIfilter with parameters {}'
2024-07-29 12:15:19,078 - INFO - Exiting method 'Services.classification_service.classify_resume with parameters {}'
2024-07-29 12:15:24,722 - INFO - Entering method 'Services.classification_service.classify_resume  with parameters {}'
2024-07-29 12:15:24,722 - INFO - Entering method 'Utils.data_processor_utils.preprocess_data  with parameters {}'
2024-07-29 12:15:24,724 - INFO - Entering method 'Utils.data_processor_utils.clean_json_string  with parameters {}'
2024-07-29 12:15:24,725 - INFO - Exiting method 'Utils.data_processor_utils.clean_json_string with parameters {}'
2024-07-29 12:15:24,725 - INFO - Entering method 'Utils.data_processor_utils.safe_literal_eval  with parameters {}'
2024-07-29 12:15:24,725 - INFO - Exiting method 'Utils.data_processor_utils.safe_literal_eval with parameters {}'
2024-07-29 12:15:24,726 - INFO - Exiting method 'Utils.data_processor_utils.preprocess_data with parameters {}'
2024-07-29 12:15:24,727 - INFO - Entering method 'Utils.data_processor_utils.process_data  with parameters {}'
2024-07-29 12:15:24,728 - INFO - Exiting method 'Utils.data_processor_utils.process_data with parameters {}'
2024-07-29 12:15:24,729 - INFO - Entering method 'Utils.job_titles_processor_utils.process_job_titles_0  with parameters {}'
2024-07-29 12:15:24,731 - INFO - Entering method 'Utils.job_titles_processor_utils.parse_duration_to_months  with parameters {}'
2024-07-29 12:15:24,735 - INFO - Exiting method 'Utils.job_titles_processor_utils.parse_duration_to_months with parameters {}'
2024-07-29 12:15:24,736 - INFO - Entering method 'Utils.job_titles_processor_utils.parse_duration_to_months  with parameters {}'
2024-07-29 12:15:24,737 - INFO - Exiting method 'Utils.job_titles_processor_utils.parse_duration_to_months with parameters {}'
2024-07-29 12:15:24,738 - INFO - Exiting method 'Utils.job_titles_processor_utils.process_job_titles_0 with parameters {}'
2024-07-29 12:15:24,759 - INFO - Entering method 'Utils.job_titles_processor_utils.process_job_titles_1  with parameters {}'
2024-07-29 12:15:24,760 - INFO - Exiting method 'Utils.job_titles_processor_utils.process_job_titles_1 with parameters {}'
2024-07-29 12:15:24,760 - INFO - Entering method 'Utils.job_titles_processor_utils.process_job_titles_2  with parameters {}'
2024-07-29 12:15:24,761 - INFO - Exiting method 'Utils.job_titles_processor_utils.process_job_titles_2 with parameters {}'
2024-07-29 12:15:24,782 - INFO - Entering method 'Services.filter_service.AIfilter  with parameters {}'
2024-07-29 12:15:26,660 - INFO - Exiting method 'Services.filter_service.AIfilter with parameters {}'
2024-07-29 12:15:26,660 - INFO - Exiting method 'Services.classification_service.classify_resume with parameters {}'
